<?xml version="1.0" encoding="UTF-8"?>
<testng-results skipped="0" failed="0" ignored="0" total="3" passed="3">
  <reporter-output>
  </reporter-output>
  <suite name="Default suite" duration-ms="84" started-at="2017-05-21T12:07:29Z" finished-at="2017-05-21T12:07:29Z">
    <groups>
    </groups>
    <test name="Default test" duration-ms="84" started-at="2017-05-21T12:07:29Z" finished-at="2017-05-21T12:07:29Z">
      <class name="TestNGExamples">
        <test-method status="PASS" signature="BeforeTest()[pri:0, instance:TestNGExamples@18be83e4]" name="BeforeTest" is-config="true" duration-ms="17" started-at="2017-05-21T13:07:29Z" finished-at="2017-05-21T13:07:29Z">
          <reporter-output>
          </reporter-output>
        </test-method> <!-- BeforeTest -->
        <test-method status="PASS" signature="beforeMethod()[pri:0, instance:TestNGExamples@18be83e4]" name="beforeMethod" is-config="true" duration-ms="1" started-at="2017-05-21T13:07:29Z" finished-at="2017-05-21T13:07:29Z">
          <reporter-output>
          </reporter-output>
        </test-method> <!-- beforeMethod -->
        <test-method status="PASS" signature="test2()[pri:1, instance:TestNGExamples@18be83e4]" name="test2" duration-ms="9" started-at="2017-05-21T13:07:29Z" finished-at="2017-05-21T13:07:29Z">
          <reporter-output>
          </reporter-output>
        </test-method> <!-- test2 -->
        <test-method status="PASS" signature="afterMethod()[pri:0, instance:TestNGExamples@18be83e4]" name="afterMethod" is-config="true" duration-ms="0" started-at="2017-05-21T13:07:29Z" finished-at="2017-05-21T13:07:29Z">
          <reporter-output>
          </reporter-output>
        </test-method> <!-- afterMethod -->
        <test-method status="PASS" signature="beforeMethod()[pri:0, instance:TestNGExamples@18be83e4]" name="beforeMethod" is-config="true" duration-ms="1" started-at="2017-05-21T13:07:29Z" finished-at="2017-05-21T13:07:29Z">
          <reporter-output>
          </reporter-output>
        </test-method> <!-- beforeMethod -->
        <test-method status="PASS" signature="test3()[pri:1, instance:TestNGExamples@18be83e4]" name="test3" duration-ms="3" started-at="2017-05-21T13:07:29Z" finished-at="2017-05-21T13:07:29Z">
          <reporter-output>
          </reporter-output>
        </test-method> <!-- test3 -->
        <test-method status="PASS" signature="afterMethod()[pri:0, instance:TestNGExamples@18be83e4]" name="afterMethod" is-config="true" duration-ms="1" started-at="2017-05-21T13:07:29Z" finished-at="2017-05-21T13:07:29Z">
          <reporter-output>
          </reporter-output>
        </test-method> <!-- afterMethod -->
        <test-method status="PASS" signature="beforeMethod()[pri:0, instance:TestNGExamples@18be83e4]" name="beforeMethod" is-config="true" duration-ms="0" started-at="2017-05-21T13:07:29Z" finished-at="2017-05-21T13:07:29Z">
          <reporter-output>
          </reporter-output>
        </test-method> <!-- beforeMethod -->
        <test-method status="PASS" signature="test1()[pri:2, instance:TestNGExamples@18be83e4]" name="test1" duration-ms="3" started-at="2017-05-21T13:07:29Z" finished-at="2017-05-21T13:07:29Z">
          <reporter-output>
          </reporter-output>
        </test-method> <!-- test1 -->
        <test-method status="PASS" signature="AfterTest()[pri:0, instance:TestNGExamples@18be83e4]" name="AfterTest" is-config="true" duration-ms="1" started-at="2017-05-21T13:07:29Z" finished-at="2017-05-21T13:07:29Z">
          <reporter-output>
          </reporter-output>
        </test-method> <!-- AfterTest -->
        <test-method status="PASS" signature="afterMethod()[pri:0, instance:TestNGExamples@18be83e4]" name="afterMethod" is-config="true" duration-ms="0" started-at="2017-05-21T13:07:29Z" finished-at="2017-05-21T13:07:29Z">
          <reporter-output>
          </reporter-output>
        </test-method> <!-- afterMethod -->
      </class> <!-- TestNGExamples -->
    </test> <!-- Default test -->
  </suite> <!-- Default suite -->
</testng-results>
